Using pre-set license
Built from '2020.3/staging' branch; Version is '2020.3.20f1 (41c4e627c95f) revision 4310246'; Using compiler version '192528614'; Build Type 'Release'
OS: 'Windows 10 Home; OS build 19043.1645; Version 2009; 64bit' Language: 'en' Physical Memory: 32717 MB
BatchMode: 1, IsHumanControllingUs: 0, StartBugReporterOnCrash: 0, Is64bit: 1, IsPro: 0

COMMAND LINE ARGUMENTS:
C:\Program Files\Unity\Hub\Editor\2020.3.20f1\Editor\Unity.exe
-adb2
-batchMode
-noUpm
-name
AssetImportWorker0
-projectPath
E:/Desktop/Fall 2021/410/TheGraey/TheGaey/THEGRAEY
-logFile
Logs/AssetImportWorker0.log
-srvPort
56042
Successfully changed project path to: E:/Desktop/Fall 2021/410/TheGraey/TheGaey/THEGRAEY
E:/Desktop/Fall 2021/410/TheGraey/TheGaey/THEGRAEY
Using Asset Import Pipeline V2.
Refreshing native plugins compatible for Editor in 48.68 ms, found 2 plugins.
Preloading 0 native plugins for Editor in 0.00 ms.
Initialize engine version: 2020.3.20f1 (41c4e627c95f)
[Subsystems] Discovering subsystems at path C:/Program Files/Unity/Hub/Editor/2020.3.20f1/Editor/Data/Resources/UnitySubsystems
[Subsystems] Discovering subsystems at path E:/Desktop/Fall 2021/410/TheGraey/TheGaey/THEGRAEY/Assets
GfxDevice: creating device client; threaded=0
Direct3D:
    Version:  Direct3D 11.0 [level 11.1]
    Renderer: NVIDIA GeForce GTX 1660 SUPER (ID=0x21c4)
    Vendor:   
    VRAM:     5991 MB
    Driver:   27.21.14.6647
Initialize mono
Mono path[0] = 'C:/Program Files/Unity/Hub/Editor/2020.3.20f1/Editor/Data/Managed'
Mono path[1] = 'C:/Program Files/Unity/Hub/Editor/2020.3.20f1/Editor/Data/MonoBleedingEdge/lib/mono/unityjit'
Mono config path = 'C:/Program Files/Unity/Hub/Editor/2020.3.20f1/Editor/Data/MonoBleedingEdge/etc'
Using monoOptions --debugger-agent=transport=dt_socket,embedding=1,server=y,suspend=n,address=127.0.0.1:56748
Begin MonoManager ReloadAssembly
Registering precompiled unity dll's ...
Register platform support module: C:/Program Files/Unity/Hub/Editor/2020.3.20f1/Editor/Data/PlaybackEngines/WebGLSupport/UnityEditor.WebGL.Extensions.dll
Register platform support module: C:/Program Files/Unity/Hub/Editor/2020.3.20f1/Editor/Data/PlaybackEngines/MacStandaloneSupport/UnityEditor.OSXStandalone.Extensions.dll
Register platform support module: C:/Program Files/Unity/Hub/Editor/2020.3.20f1/Editor/Data/PlaybackEngines/WindowsStandaloneSupport/UnityEditor.WindowsStandalone.Extensions.dll
Registered in 0.002501 seconds.
Native extension for WindowsStandalone target not found
Native extension for OSXStandalone target not found
Native extension for WebGL target not found
Refreshing native plugins compatible for Editor in 45.52 ms, found 2 plugins.
Preloading 0 native plugins for Editor in 0.00 ms.
Mono: successfully reloaded assembly
- Completed reload, in  1.601 seconds
Domain Reload Profiling:
	ReloadAssembly (1602ms)
		BeginReloadAssembly (41ms)
			ExecutionOrderSort (0ms)
			DisableScriptedObjects (0ms)
			BackupInstance (0ms)
			ReleaseScriptingObjects (0ms)
			CreateAndSetChildDomain (1ms)
		EndReloadAssembly (333ms)
			LoadAssemblies (40ms)
			RebuildTransferFunctionScriptingTraits (0ms)
			SetupTypeCache (117ms)
			ReleaseScriptCaches (0ms)
			RebuildScriptCaches (22ms)
			SetupLoadedEditorAssemblies (140ms)
				LogAssemblyErrors (0ms)
				InitializePlatformSupportModulesInManaged (4ms)
				SetLoadedEditorAssemblies (0ms)
				RefreshPlugins (46ms)
				BeforeProcessingInitializeOnLoad (13ms)
				ProcessInitializeOnLoadAttributes (58ms)
				ProcessInitializeOnLoadMethodAttributes (19ms)
				AfterProcessingInitializeOnLoad (0ms)
				EditorAssembliesLoaded (0ms)
			ExecutionOrderSort2 (0ms)
			AwakeInstancesAfterBackupRestoration (0ms)
Platform modules already initialized, skipping
Registering precompiled user dll's ...
Registered in 0.001607 seconds.
Begin MonoManager ReloadAssembly
Native extension for WindowsStandalone target not found
Native extension for OSXStandalone target not found
Native extension for WebGL target not found
Refreshing native plugins compatible for Editor in 0.62 ms, found 2 plugins.
Preloading 0 native plugins for Editor in 0.00 ms.
Mono: successfully reloaded assembly
- Completed reload, in  0.803 seconds
Domain Reload Profiling:
	ReloadAssembly (803ms)
		BeginReloadAssembly (114ms)
			ExecutionOrderSort (0ms)
			DisableScriptedObjects (3ms)
			BackupInstance (0ms)
			ReleaseScriptingObjects (0ms)
			CreateAndSetChildDomain (16ms)
		EndReloadAssembly (638ms)
			LoadAssemblies (67ms)
			RebuildTransferFunctionScriptingTraits (0ms)
			SetupTypeCache (219ms)
			ReleaseScriptCaches (0ms)
			RebuildScriptCaches (35ms)
			SetupLoadedEditorAssemblies (245ms)
				LogAssemblyErrors (0ms)
				InitializePlatformSupportModulesInManaged (5ms)
				SetLoadedEditorAssemblies (0ms)
				RefreshPlugins (1ms)
				BeforeProcessingInitializeOnLoad (64ms)
				ProcessInitializeOnLoadAttributes (166ms)
				ProcessInitializeOnLoadMethodAttributes (3ms)
				AfterProcessingInitializeOnLoad (6ms)
				EditorAssembliesLoaded (0ms)
			ExecutionOrderSort2 (0ms)
			AwakeInstancesAfterBackupRestoration (5ms)
Platform modules already initialized, skipping
========================================================================
Worker process is ready to serve import requests
Launched and connected shader compiler UnityShaderCompiler.exe after 0.05 seconds
Refreshing native plugins compatible for Editor in 0.63 ms, found 2 plugins.
Preloading 0 native plugins for Editor in 0.00 ms.
Unloading 1888 Unused Serialized files (Serialized files now loaded: 0)
System memory in use before: 96.4 MB.
System memory in use after: 96.5 MB.

Unloading 16 unused Assets to reduce memory usage. Loaded Objects now: 2338.
Total: 2.894100 ms (FindLiveObjects: 0.203500 ms CreateObjectMapping: 0.044100 ms MarkObjects: 2.532200 ms  DeleteObjects: 0.113100 ms)

AssetImportParameters requested are different than current active one (requested -> active):
  custom:framework-win-MediaFoundation: 216162199b28c13a410421893ffa2e32 -> 
  custom:video-decoder-ogg-theora: a1e56fd34408186e4bbccfd4996cb3dc -> 
  custom:container-muxer-webm: aa71ff27fc2769a1b78a27578f13a17b -> 
  custom:container-demuxer-webm: 4f35f7cbe854078d1ac9338744f61a02 -> 
  custom:container-demuxer-ogg: 62fdf1f143b41e24485cea50d1cbac27 -> 
  custom:video-encoder-webm-vp8: eb34c28f22e8b96e1ab97ce403110664 -> 
  custom:video-decoder-webm-vp8: 9c59270c3fd7afecdb556c50c9e8de78 -> 
  custom:audio-decoder-ogg-vorbis: bf7c407c2cedff20999df2af8eb42d56 -> 
  custom:audio-encoder-webm-vorbis: bf7c407c2cedff20999df2af8eb42d56 -> 
========================================================================
Received Import Request.
  path: Assets/Cylinder02.prefab
  artifactKey: Guid(599508717dbbb954f84ddd82b8f22dcf) Importer(815301076,1909f56bfc062723c751e8b465ee728b)
Start importing Assets/Cylinder02.prefab using Guid(599508717dbbb954f84ddd82b8f22dcf) Importer(815301076,1909f56bfc062723c751e8b465ee728b)  -> (artifact id: 'a5a78b2c1dfd0b6d4da89c5e41600b6a') in 0.083562 seconds 
  Import took 0.086800 seconds .

========================================================================
Received Import Request.
  Time since last request: 0.000229 seconds.
  path: Assets/Laser Mat.mat
  artifactKey: Guid(7e59b5f67a653fd4ebf42504d789e932) Importer(815301076,1909f56bfc062723c751e8b465ee728b)
Start importing Assets/Laser Mat.mat using Guid(7e59b5f67a653fd4ebf42504d789e932) Importer(815301076,1909f56bfc062723c751e8b465ee728b)  -> (artifact id: 'a7214d454607884479ecf66dc536adbd') in 0.051359 seconds 
  Import took 0.054077 seconds .

========================================================================
Received Import Request.
  Time since last request: 0.000151 seconds.
  path: Assets/Battery Charger.prefab
  artifactKey: Guid(56669e41ee93c3e418edf3ae17a4bb2c) Importer(815301076,1909f56bfc062723c751e8b465ee728b)
Start importing Assets/Battery Charger.prefab using Guid(56669e41ee93c3e418edf3ae17a4bb2c) Importer(815301076,1909f56bfc062723c751e8b465ee728b)  -> (artifact id: 'd48cbbd33f9a950d06ad31b663154d82') in 0.053877 seconds 
  Import took 0.056777 seconds .

========================================================================
Received Import Request.
  Time since last request: 0.000154 seconds.
  path: Assets/Factory Island.prefab
  artifactKey: Guid(2cecc851e786c0640be12cac6df898ef) Importer(815301076,1909f56bfc062723c751e8b465ee728b)
Start importing Assets/Factory Island.prefab using Guid(2cecc851e786c0640be12cac6df898ef) Importer(815301076,1909f56bfc062723c751e8b465ee728b)  -> (artifact id: 'e6ca1017a0611cc44f90a10b4d56d9c1') in 0.082797 seconds 
  Import took 0.087208 seconds .

========================================================================
Received Import Request.
  Time since last request: 2013.490600 seconds.
  path: Assets/UI Elements/Skillbranch.png
  artifactKey: Guid(526b57679d6286647a2e3a878f602706) Importer(815301076,1909f56bfc062723c751e8b465ee728b)
Start importing Assets/UI Elements/Skillbranch.png using Guid(526b57679d6286647a2e3a878f602706) Importer(815301076,1909f56bfc062723c751e8b465ee728b)  -> (artifact id: '6c989f154c61e267fc14caf5add03b99') in 0.054224 seconds 
  Import took 0.058651 seconds .

========================================================================
Received Import Request.
  Time since last request: 0.000190 seconds.
  path: Assets/UI Elements/skillbranch3.png
  artifactKey: Guid(ae58ebc82a21d4a4ea111f4d4b5faa5b) Importer(815301076,1909f56bfc062723c751e8b465ee728b)
Start importing Assets/UI Elements/skillbranch3.png using Guid(ae58ebc82a21d4a4ea111f4d4b5faa5b) Importer(815301076,1909f56bfc062723c751e8b465ee728b)  -> (artifact id: '91f0b1c35927ad7f2eb6f8607a147e68') in 0.011186 seconds 
  Import took 0.014207 seconds .

========================================================================
Received Import Request.
  Time since last request: 0.000159 seconds.
  path: Assets/UI Elements/Skillbranch4.png
  artifactKey: Guid(a14d940bc9513e74d83204bff6ff1f5d) Importer(815301076,1909f56bfc062723c751e8b465ee728b)
Start importing Assets/UI Elements/Skillbranch4.png using Guid(a14d940bc9513e74d83204bff6ff1f5d) Importer(815301076,1909f56bfc062723c751e8b465ee728b)  -> (artifact id: '288fa5b4b27df272daa7498a19a5b6e0') in 0.010242 seconds 
  Import took 0.012969 seconds .

========================================================================
Received Import Request.
  Time since last request: 0.000181 seconds.
  path: Assets/UI Elements/Skillbranch2.png
  artifactKey: Guid(bfed9a12d148c49458e82f9e8640bfa8) Importer(815301076,1909f56bfc062723c751e8b465ee728b)
Start importing Assets/UI Elements/Skillbranch2.png using Guid(bfed9a12d148c49458e82f9e8640bfa8) Importer(815301076,1909f56bfc062723c751e8b465ee728b)  -> (artifact id: '66ccbd307c662799f68b296aae42b5a2') in 0.009186 seconds 
  Import took 0.011940 seconds .

========================================================================
Received Import Request.
  Time since last request: 7.720366 seconds.
  path: Assets/UI Elements/Skillbranch.png
  artifactKey: Guid(526b57679d6286647a2e3a878f602706) Importer(815301076,1909f56bfc062723c751e8b465ee728b)
Start importing Assets/UI Elements/Skillbranch.png using Guid(526b57679d6286647a2e3a878f602706) Importer(815301076,1909f56bfc062723c751e8b465ee728b)  -> (artifact id: '6ef3956f2055d49a42d123545edecf9c') in 0.022307 seconds 
  Import took 0.025566 seconds .

========================================================================
Received Import Request.
  Time since last request: 8.017257 seconds.
  path: Assets/UI Elements/Skillbranch2.png
  artifactKey: Guid(bfed9a12d148c49458e82f9e8640bfa8) Importer(815301076,1909f56bfc062723c751e8b465ee728b)
Start importing Assets/UI Elements/Skillbranch2.png using Guid(bfed9a12d148c49458e82f9e8640bfa8) Importer(815301076,1909f56bfc062723c751e8b465ee728b)  -> (artifact id: '67bb4151ed2c5939917aaa1b1f588cf0') in 0.013378 seconds 
  Import took 0.016759 seconds .

========================================================================
Received Import Request.
  Time since last request: 4.055145 seconds.
  path: Assets/UI Elements/skillbranch3.png
  artifactKey: Guid(ae58ebc82a21d4a4ea111f4d4b5faa5b) Importer(815301076,1909f56bfc062723c751e8b465ee728b)
Start importing Assets/UI Elements/skillbranch3.png using Guid(ae58ebc82a21d4a4ea111f4d4b5faa5b) Importer(815301076,1909f56bfc062723c751e8b465ee728b)  -> (artifact id: 'd463928fc361127a3f9d471762324f87') in 0.022823 seconds 
  Import took 0.026022 seconds .

========================================================================
Received Import Request.
  Time since last request: 4.848149 seconds.
  path: Assets/UI Elements/Skillbranch4.png
  artifactKey: Guid(a14d940bc9513e74d83204bff6ff1f5d) Importer(815301076,1909f56bfc062723c751e8b465ee728b)
Start importing Assets/UI Elements/Skillbranch4.png using Guid(a14d940bc9513e74d83204bff6ff1f5d) Importer(815301076,1909f56bfc062723c751e8b465ee728b)  -> (artifact id: '2fd3b260f19142994b5771add26229ad') in 0.012447 seconds 
  Import took 0.016061 seconds .

========================================================================
Received Import Request.
  Time since last request: 26.194789 seconds.
  path: Assets/UI Elements/Layer_29_(2).png
  artifactKey: Guid(df6ed92f39dfb2a4a8a9d086899de3bb) Importer(815301076,1909f56bfc062723c751e8b465ee728b)
Start importing Assets/UI Elements/Layer_29_(2).png using Guid(df6ed92f39dfb2a4a8a9d086899de3bb) Importer(815301076,1909f56bfc062723c751e8b465ee728b)  -> (artifact id: '70c3235733673e01815eead0e40eec28') in 0.009813 seconds 
  Import took 0.013217 seconds .

========================================================================
Received Import Request.
  Time since last request: 6.683215 seconds.
  path: Assets/UI Elements/Layer_29_(2).png
  artifactKey: Guid(df6ed92f39dfb2a4a8a9d086899de3bb) Importer(815301076,1909f56bfc062723c751e8b465ee728b)
Start importing Assets/UI Elements/Layer_29_(2).png using Guid(df6ed92f39dfb2a4a8a9d086899de3bb) Importer(815301076,1909f56bfc062723c751e8b465ee728b)  -> (artifact id: 'd78c9488fb62af8a750b2ab7b17ddad9') in 0.017084 seconds 
  Import took 0.020639 seconds .

========================================================================
Received Import Request.
  Time since last request: 127.199940 seconds.
  path: Assets/UI Elements/Skillbranch.png
  artifactKey: Guid(526b57679d6286647a2e3a878f602706) Importer(815301076,1909f56bfc062723c751e8b465ee728b)
Start importing Assets/UI Elements/Skillbranch.png using Guid(526b57679d6286647a2e3a878f602706) Importer(815301076,1909f56bfc062723c751e8b465ee728b)  -> (artifact id: '1aa00f5034cfac4c5aaf01c421dc2c1b') in 0.014206 seconds 
  Import took 0.017595 seconds .

========================================================================
Received Import Request.
  Time since last request: 8.219098 seconds.
  path: Assets/UI Elements/skillbranch3.png
  artifactKey: Guid(ae58ebc82a21d4a4ea111f4d4b5faa5b) Importer(815301076,1909f56bfc062723c751e8b465ee728b)
Start importing Assets/UI Elements/skillbranch3.png using Guid(ae58ebc82a21d4a4ea111f4d4b5faa5b) Importer(815301076,1909f56bfc062723c751e8b465ee728b)  -> (artifact id: '1ea8c4ee3176d362f9496a031ec0897f') in 0.010828 seconds 
  Import took 0.014716 seconds .

========================================================================
Received Import Request.
  Time since last request: 0.014042 seconds.
  path: Assets/UI Elements/Skillbranch2.png
  artifactKey: Guid(bfed9a12d148c49458e82f9e8640bfa8) Importer(815301076,1909f56bfc062723c751e8b465ee728b)
Start importing Assets/UI Elements/Skillbranch2.png using Guid(bfed9a12d148c49458e82f9e8640bfa8) Importer(815301076,1909f56bfc062723c751e8b465ee728b)  -> (artifact id: 'c8666ed4a8811ecbac73d2e9c575a63f') in 0.015994 seconds 
  Import took 0.019925 seconds .

========================================================================
Received Import Request.
  Time since last request: 0.001588 seconds.
  path: Assets/UI Elements/Skillbranch4.png
  artifactKey: Guid(a14d940bc9513e74d83204bff6ff1f5d) Importer(815301076,1909f56bfc062723c751e8b465ee728b)
Start importing Assets/UI Elements/Skillbranch4.png using Guid(a14d940bc9513e74d83204bff6ff1f5d) Importer(815301076,1909f56bfc062723c751e8b465ee728b)  -> (artifact id: '61f901ab9c3cef377c8fb9bb10cbb61a') in 0.020542 seconds 
  Import took 0.030938 seconds .

========================================================================
Received Prepare
Registering precompiled user dll's ...
Registered in 0.002484 seconds.
Begin MonoManager ReloadAssembly
Native extension for WindowsStandalone target not found
Native extension for OSXStandalone target not found
Native extension for WebGL target not found
Refreshing native plugins compatible for Editor in 0.67 ms, found 2 plugins.
Preloading 0 native plugins for Editor in 0.00 ms.
Mono: successfully reloaded assembly
- Completed reload, in  0.993 seconds
Domain Reload Profiling:
	ReloadAssembly (993ms)
		BeginReloadAssembly (102ms)
			ExecutionOrderSort (0ms)
			DisableScriptedObjects (3ms)
			BackupInstance (0ms)
			ReleaseScriptingObjects (0ms)
			CreateAndSetChildDomain (29ms)
		EndReloadAssembly (836ms)
			LoadAssemblies (71ms)
			RebuildTransferFunctionScriptingTraits (0ms)
			SetupTypeCache (289ms)
			ReleaseScriptCaches (1ms)
			RebuildScriptCaches (38ms)
			SetupLoadedEditorAssemblies (359ms)
				LogAssemblyErrors (0ms)
				InitializePlatformSupportModulesInManaged (6ms)
				SetLoadedEditorAssemblies (0ms)
				RefreshPlugins (1ms)
				BeforeProcessingInitializeOnLoad (74ms)
				ProcessInitializeOnLoadAttributes (268ms)
				ProcessInitializeOnLoadMethodAttributes (3ms)
				AfterProcessingInitializeOnLoad (7ms)
				EditorAssembliesLoaded (0ms)
			ExecutionOrderSort2 (0ms)
			AwakeInstancesAfterBackupRestoration (5ms)
Platform modules already initialized, skipping
Refreshing native plugins compatible for Editor in 0.68 ms, found 2 plugins.
Preloading 0 native plugins for Editor in 0.00 ms.
Unloading 1854 Unused Serialized files (Serialized files now loaded: 0)
System memory in use before: 97.2 MB.
System memory in use after: 97.3 MB.

Unloading 12 unused Assets to reduce memory usage. Loaded Objects now: 2393.
Total: 3.049200 ms (FindLiveObjects: 0.244200 ms CreateObjectMapping: 0.040900 ms MarkObjects: 2.739000 ms  DeleteObjects: 0.023700 ms)

AssetImportParameters requested are different than current active one (requested -> active):
  custom:framework-win-MediaFoundation: 216162199b28c13a410421893ffa2e32 -> 
  custom:video-decoder-ogg-theora: a1e56fd34408186e4bbccfd4996cb3dc -> 
  custom:container-muxer-webm: aa71ff27fc2769a1b78a27578f13a17b -> 
  custom:container-demuxer-webm: 4f35f7cbe854078d1ac9338744f61a02 -> 
  custom:container-demuxer-ogg: 62fdf1f143b41e24485cea50d1cbac27 -> 
  custom:video-encoder-webm-vp8: eb34c28f22e8b96e1ab97ce403110664 -> 
  custom:video-decoder-webm-vp8: 9c59270c3fd7afecdb556c50c9e8de78 -> 
  custom:audio-decoder-ogg-vorbis: bf7c407c2cedff20999df2af8eb42d56 -> 
  custom:audio-encoder-webm-vorbis: bf7c407c2cedff20999df2af8eb42d56 -> 
========================================================================
Received Import Request.
  Time since last request: 278.461491 seconds.
  path: Assets/Prefabs/Alpha.prefab
  artifactKey: Guid(4729d7c703bab428dbdea955f505119a) Importer(815301076,1909f56bfc062723c751e8b465ee728b)
Start importing Assets/Prefabs/Alpha.prefab using Guid(4729d7c703bab428dbdea955f505119a) Importer(815301076,1909f56bfc062723c751e8b465ee728b)  -> (artifact id: '03124cf3860163082133d8f03c252183') in 0.081958 seconds 
  Import took 0.085350 seconds .

========================================================================
Received Import Request.
  Time since last request: 0.000178 seconds.
  path: Assets/Prefabs/Player Variant.prefab
  artifactKey: Guid(a5d489d3a13efd44c90d9df0448a8872) Importer(815301076,1909f56bfc062723c751e8b465ee728b)
Start importing Assets/Prefabs/Player Variant.prefab using Guid(a5d489d3a13efd44c90d9df0448a8872) Importer(815301076,1909f56bfc062723c751e8b465ee728b)  -> (artifact id: '4a42a15d7af835eaa95c7d47b443f51c') in 0.087697 seconds 
  Import took 0.091519 seconds .

========================================================================
Received Import Request.
  Time since last request: 0.000160 seconds.
  path: Assets/Prefabs/Enemy.prefab
  artifactKey: Guid(fa5f22a79f93e0a42891b843c16f19f5) Importer(815301076,1909f56bfc062723c751e8b465ee728b)
Start importing Assets/Prefabs/Enemy.prefab using Guid(fa5f22a79f93e0a42891b843c16f19f5) Importer(815301076,1909f56bfc062723c751e8b465ee728b)  -> (artifact id: '71a07d48214954dfb0617230ec6f10f1') in 0.019165 seconds 
  Import took 0.048695 seconds .

========================================================================
Received Import Request.
  Time since last request: 0.000185 seconds.
  path: Assets/Prefabs/Player.prefab
  artifactKey: Guid(daa0770e12b8a394fa88a02224a46e12) Importer(815301076,1909f56bfc062723c751e8b465ee728b)
Start importing Assets/Prefabs/Player.prefab using Guid(daa0770e12b8a394fa88a02224a46e12) Importer(815301076,1909f56bfc062723c751e8b465ee728b)  -> (artifact id: 'db1d3e05b5a6061ab3e155cbb8bba57b') in 0.017095 seconds 
  Import took 0.019967 seconds .

========================================================================
Received Import Request.
  Time since last request: 0.000220 seconds.
  path: Assets/Prefabs/Beta.prefab
  artifactKey: Guid(6ae804392972b45d08c2f43b00787659) Importer(815301076,1909f56bfc062723c751e8b465ee728b)
Start importing Assets/Prefabs/Beta.prefab using Guid(6ae804392972b45d08c2f43b00787659) Importer(815301076,1909f56bfc062723c751e8b465ee728b)  -> (artifact id: '649f2b4c00a5bfb74d38484be1d322b6') in 0.031570 seconds 
  Import took 0.034932 seconds .

========================================================================
Received Import Request.
  Time since last request: 0.000170 seconds.
  path: Assets/Prefabs/Player 1.prefab
  artifactKey: Guid(739199eb86b88a948af7908c9eef20d1) Importer(815301076,1909f56bfc062723c751e8b465ee728b)
Start importing Assets/Prefabs/Player 1.prefab using Guid(739199eb86b88a948af7908c9eef20d1) Importer(815301076,1909f56bfc062723c751e8b465ee728b)  -> (artifact id: '6a802501b41f980d7c88c3b24ae27995') in 0.063273 seconds 
  Import took 0.067026 seconds .

========================================================================
Received Import Request.
  Time since last request: 0.000194 seconds.
  path: Assets/Prefabs/Player 2.prefab
  artifactKey: Guid(4f5ec216592eab94ab9122aace3eee45) Importer(815301076,1909f56bfc062723c751e8b465ee728b)
Start importing Assets/Prefabs/Player 2.prefab using Guid(4f5ec216592eab94ab9122aace3eee45) Importer(815301076,1909f56bfc062723c751e8b465ee728b)  -> (artifact id: 'ad90fdc44d45715d507b9e9c4fe2f51c') in 0.025082 seconds 
  Import took 0.029164 seconds .

========================================================================
Received Import Request.
  Time since last request: 0.000161 seconds.
  path: Assets/Prefabs/Delta.prefab
  artifactKey: Guid(d17659b52c13648e7a3dffcb35cfb0a9) Importer(815301076,1909f56bfc062723c751e8b465ee728b)
Start importing Assets/Prefabs/Delta.prefab using Guid(d17659b52c13648e7a3dffcb35cfb0a9) Importer(815301076,1909f56bfc062723c751e8b465ee728b)  -> (artifact id: '890413f43d61a93ee1581d6194a8ca9d') in 0.021967 seconds 
  Import took 0.024837 seconds .

========================================================================
Received Import Request.
  Time since last request: 0.000166 seconds.
  path: Assets/Prefabs/RecallPlate.prefab
  artifactKey: Guid(ff4c2489413890940836f767f65c6650) Importer(815301076,1909f56bfc062723c751e8b465ee728b)
Start importing Assets/Prefabs/RecallPlate.prefab using Guid(ff4c2489413890940836f767f65c6650) Importer(815301076,1909f56bfc062723c751e8b465ee728b)  -> (artifact id: '1a53a76de77085ea553fdeee65de4f19') in 0.013689 seconds 
  Import took 0.016491 seconds .

========================================================================
Received Import Request.
  Time since last request: 0.000169 seconds.
  path: Assets/Prefabs/Player&Batt.prefab
  artifactKey: Guid(410d768d50ce0e04e80f9af553d9d0a8) Importer(815301076,1909f56bfc062723c751e8b465ee728b)
Start importing Assets/Prefabs/Player&Batt.prefab using Guid(410d768d50ce0e04e80f9af553d9d0a8) Importer(815301076,1909f56bfc062723c751e8b465ee728b)  -> (artifact id: 'e89672bc9bb1c24729295240a80beabf') in 0.025212 seconds 
  Import took 0.029165 seconds .

========================================================================
Received Import Request.
  Time since last request: 0.000160 seconds.
  path: Assets/Prefabs/Omega.prefab
  artifactKey: Guid(a6b1a86ee7b214b3f99a1f4f24cc6dac) Importer(815301076,1909f56bfc062723c751e8b465ee728b)
Start importing Assets/Prefabs/Omega.prefab using Guid(a6b1a86ee7b214b3f99a1f4f24cc6dac) Importer(815301076,1909f56bfc062723c751e8b465ee728b)  -> (artifact id: '997672a7b592a51f91cd26e7fcf18658') in 0.006945 seconds 
  Import took 0.010089 seconds .

========================================================================
Received Import Request.
  Time since last request: 3.575628 seconds.
  path: Assets/Random Leftovers/Bed.fbx
  artifactKey: Guid(c7cf6c80d6a791d448ddd7436065e41a) Importer(815301076,1909f56bfc062723c751e8b465ee728b)
Start importing Assets/Random Leftovers/Bed.fbx using Guid(c7cf6c80d6a791d448ddd7436065e41a) Importer(815301076,1909f56bfc062723c751e8b465ee728b)  -> (artifact id: '3a530ce40327b196fe6fa8059117e50c') in 0.248615 seconds 
  Import took 0.252215 seconds .

========================================================================
Received Import Request.
  Time since last request: 0.000218 seconds.
  path: Assets/Random Leftovers/toilet.fbx
  artifactKey: Guid(bdc7cf358e2309c4c86993bc07e4e21c) Importer(815301076,1909f56bfc062723c751e8b465ee728b)
Start importing Assets/Random Leftovers/toilet.fbx using Guid(bdc7cf358e2309c4c86993bc07e4e21c) Importer(815301076,1909f56bfc062723c751e8b465ee728b)  -> (artifact id: '4dda229db0d2ba776f0358e424ec44c2') in 0.040148 seconds 
  Import took 0.043310 seconds .

========================================================================
Received Import Request.
  Time since last request: 0.000220 seconds.
  path: Assets/Random Leftovers/smallTable.fbx
  artifactKey: Guid(342e57e5bb1645343bfb9dfc65a3451b) Importer(815301076,1909f56bfc062723c751e8b465ee728b)
Start importing Assets/Random Leftovers/smallTable.fbx using Guid(342e57e5bb1645343bfb9dfc65a3451b) Importer(815301076,1909f56bfc062723c751e8b465ee728b)  -> (artifact id: '2753185001e17f362a91e91ffd960a45') in 0.046404 seconds 
  Import took 0.049796 seconds .

========================================================================
Received Import Request.
  Time since last request: 0.000242 seconds.
  path: Assets/Random Leftovers/Cell UV Color.tif
  artifactKey: Guid(cba3f62ffeacb6b4ea9219519ad04798) Importer(815301076,1909f56bfc062723c751e8b465ee728b)
Start importing Assets/Random Leftovers/Cell UV Color.tif using Guid(cba3f62ffeacb6b4ea9219519ad04798) Importer(815301076,1909f56bfc062723c751e8b465ee728b)  -> (artifact id: '3aecd83a8b1f53e651c43a92f7ed2ec5') in 0.052195 seconds 
  Import took 0.055592 seconds .

========================================================================
Received Import Request.
  Time since last request: 0.000155 seconds.
  path: Assets/Random Leftovers/Landscape1.fbx
  artifactKey: Guid(35ebdc38bf81706469cbbb8f21f75bc1) Importer(815301076,1909f56bfc062723c751e8b465ee728b)
Start importing Assets/Random Leftovers/Landscape1.fbx using Guid(35ebdc38bf81706469cbbb8f21f75bc1) Importer(815301076,1909f56bfc062723c751e8b465ee728b)  -> (artifact id: '80bd663e7ad92a310097e2690ce20a5e') in 0.459233 seconds 
  Import took 0.462718 seconds .

========================================================================
Received Import Request.
  Time since last request: 0.000209 seconds.
  path: Assets/Random Leftovers/Cart.fbx
  artifactKey: Guid(b3f3430735915f64f93484f6ffafdb47) Importer(815301076,1909f56bfc062723c751e8b465ee728b)
Start importing Assets/Random Leftovers/Cart.fbx using Guid(b3f3430735915f64f93484f6ffafdb47) Importer(815301076,1909f56bfc062723c751e8b465ee728b)  -> (artifact id: 'e720e76d28f481b4171f9ca6806b3cfd') in 0.086213 seconds 
  Import took 0.089498 seconds .

========================================================================
Received Import Request.
  Time since last request: 0.000199 seconds.
  path: Assets/Random Leftovers/New Terrain.asset
  artifactKey: Guid(b1ddf21ff3e889c4295a918e6a6c3d48) Importer(815301076,1909f56bfc062723c751e8b465ee728b)
Start importing Assets/Random Leftovers/New Terrain.asset using Guid(b1ddf21ff3e889c4295a918e6a6c3d48) Importer(815301076,1909f56bfc062723c751e8b465ee728b)  -> (artifact id: 'b00483a3f6b37098e2358da36f3f222c') in 0.016809 seconds 
  Import took 0.020785 seconds .

========================================================================
Received Import Request.
  Time since last request: 0.000174 seconds.
  path: Assets/Random Leftovers/CallRoom.fbx
  artifactKey: Guid(e25060a55141efa4c968dd1d427dbbdc) Importer(815301076,1909f56bfc062723c751e8b465ee728b)
Start importing Assets/Random Leftovers/CallRoom.fbx using Guid(e25060a55141efa4c968dd1d427dbbdc) Importer(815301076,1909f56bfc062723c751e8b465ee728b)  -> (artifact id: 'b959fa176a72053a7f2cab9821ea91c1') in 0.036801 seconds 
  Import took 0.040494 seconds .

========================================================================
Received Import Request.
  Time since last request: 0.000238 seconds.
  path: Assets/Random Leftovers/Plate&Spoon.fbx
  artifactKey: Guid(4b8146da596c8ed4b8b1ba8e85b92cf0) Importer(815301076,1909f56bfc062723c751e8b465ee728b)
Start importing Assets/Random Leftovers/Plate&Spoon.fbx using Guid(4b8146da596c8ed4b8b1ba8e85b92cf0) Importer(815301076,1909f56bfc062723c751e8b465ee728b)  -> (artifact id: '98707d840265ba43b83e832381adf0b4') in 0.043330 seconds 
  Import took 0.046559 seconds .

========================================================================
Received Import Request.
  Time since last request: 0.000248 seconds.
  path: Assets/Random Leftovers/Cart copy.tif
  artifactKey: Guid(3206576a7672a4942b6ec507d95ef5cb) Importer(815301076,1909f56bfc062723c751e8b465ee728b)
Start importing Assets/Random Leftovers/Cart copy.tif using Guid(3206576a7672a4942b6ec507d95ef5cb) Importer(815301076,1909f56bfc062723c751e8b465ee728b)  -> (artifact id: '1a4b9d17e764396229f1b369c1d586c4') in 0.010705 seconds 
  Import took 0.014211 seconds .

========================================================================
Received Import Request.
  Time since last request: 0.000167 seconds.
  path: Assets/Random Leftovers/blinn6.mat
  artifactKey: Guid(834f6531072dfcf4caffe4925dbcd678) Importer(815301076,1909f56bfc062723c751e8b465ee728b)
Start importing Assets/Random Leftovers/blinn6.mat using Guid(834f6531072dfcf4caffe4925dbcd678) Importer(815301076,1909f56bfc062723c751e8b465ee728b)  -> (artifact id: '5fc69473879c96b7f80d174a23dfe6f0') in 0.013088 seconds 
  Import took 0.016114 seconds .

========================================================================
Received Import Request.
  Time since last request: 0.000185 seconds.
  path: Assets/Random Leftovers/Character.fbx
  artifactKey: Guid(2157b80e2e7e8144996cda6d8ecb873d) Importer(815301076,1909f56bfc062723c751e8b465ee728b)
Start importing Assets/Random Leftovers/Character.fbx using Guid(2157b80e2e7e8144996cda6d8ecb873d) Importer(815301076,1909f56bfc062723c751e8b465ee728b)  -> (artifact id: '667750197445e89537454a195c97c341') in 0.152247 seconds 
  Import took 0.155329 seconds .

========================================================================
Received Import Request.
  Time since last request: 0.000150 seconds.
  path: Assets/Random Leftovers/blinn6 1.mat
  artifactKey: Guid(02674ae8e717c2943b8cedda111bedbb) Importer(815301076,1909f56bfc062723c751e8b465ee728b)
Start importing Assets/Random Leftovers/blinn6 1.mat using Guid(02674ae8e717c2943b8cedda111bedbb) Importer(815301076,1909f56bfc062723c751e8b465ee728b)  -> (artifact id: '8ab3a91e4c3c1a14769e017e3ef25bdc') in 0.011970 seconds 
  Import took 0.015100 seconds .

========================================================================
Received Import Request.
  Time since last request: 23.992204 seconds.
  path: Assets/AllSkyFree/Space_AnotherPlanet/AllSky_Space_AnotherPlanet.mat
  artifactKey: Guid(656058fe318eb48558d21d66d1a79a2b) Importer(815301076,1909f56bfc062723c751e8b465ee728b)
Start importing Assets/AllSkyFree/Space_AnotherPlanet/AllSky_Space_AnotherPlanet.mat using Guid(656058fe318eb48558d21d66d1a79a2b) Importer(815301076,1909f56bfc062723c751e8b465ee728b)  -> (artifact id: 'f1527d63079eff24390775adf4c596fb') in 0.448666 seconds 
  Import took 0.452150 seconds .

========================================================================
Received Import Request.
  Time since last request: 0.000158 seconds.
  path: Assets/EmaceArt/Slavic World Free/Prefabs/Fence/Plank2/EA03_Fence_Plank_02b_PRE.prefab
  artifactKey: Guid(020362122a092254db5d9023f1df2599) Importer(815301076,1909f56bfc062723c751e8b465ee728b)
Start importing Assets/EmaceArt/Slavic World Free/Prefabs/Fence/Plank2/EA03_Fence_Plank_02b_PRE.prefab using Guid(020362122a092254db5d9023f1df2599) Importer(815301076,1909f56bfc062723c751e8b465ee728b)  -> (artifact id: '8194e70a038a3b33ef8aee1b3c8b861a') in 0.165767 seconds 
  Import took 0.168739 seconds .

========================================================================
Received Import Request.
  Time since last request: 0.000170 seconds.
  path: Assets/EmaceArt/Slavic World Free/Prefabs/Environment/Stairs/EA03_Village_step_platform_Stair_R_03a_PRE.prefab
  artifactKey: Guid(6846503cbdf6f2047bb7008195882b52) Importer(815301076,1909f56bfc062723c751e8b465ee728b)
Start importing Assets/EmaceArt/Slavic World Free/Prefabs/Environment/Stairs/EA03_Village_step_platform_Stair_R_03a_PRE.prefab using Guid(6846503cbdf6f2047bb7008195882b52) Importer(815301076,1909f56bfc062723c751e8b465ee728b)  -> (artifact id: '6105d70be7ade4363fcbff4e257d753d') in 0.050928 seconds 
  Import took 0.053780 seconds .

========================================================================
Received Import Request.
  Time since last request: 0.000155 seconds.
  path: Assets/AllSkyFree/Space_AnotherPlanet/AllSky_Space_AnotherPlanet_Cam_5_Down-Y.png
  artifactKey: Guid(3a639720a92414f45b72b16d6db788ce) Importer(815301076,1909f56bfc062723c751e8b465ee728b)
Start importing Assets/AllSkyFree/Space_AnotherPlanet/AllSky_Space_AnotherPlanet_Cam_5_Down-Y.png using Guid(3a639720a92414f45b72b16d6db788ce) Importer(815301076,1909f56bfc062723c751e8b465ee728b)  -> (artifact id: 'e4e82983e9deb72ae3f6ed7819a301b7') in 0.009872 seconds 
  Import took 0.012941 seconds .

========================================================================
Received Import Request.
  Time since last request: 0.000189 seconds.
  path: Assets/AllSkyFree/Space_AnotherPlanet/AllSky_Space_AnotherPlanet_Cam_1_Back-Z.png
  artifactKey: Guid(0264465325ebb45239163258479c2a60) Importer(815301076,1909f56bfc062723c751e8b465ee728b)
Start importing Assets/AllSkyFree/Space_AnotherPlanet/AllSky_Space_AnotherPlanet_Cam_1_Back-Z.png using Guid(0264465325ebb45239163258479c2a60) Importer(815301076,1909f56bfc062723c751e8b465ee728b)  -> (artifact id: 'fef105315f7564152c870b9c37f2aec1') in 0.010714 seconds 
  Import took 0.013668 seconds .

========================================================================
Received Import Request.
  Time since last request: 0.000221 seconds.
  path: Assets/EmaceArt/Slavic World Free/Resources/LOD4/EA03_Village_step_platform_Stair_R_03a.fbx
  artifactKey: Guid(75ae7666976ca6948ac43a95180ef1fe) Importer(815301076,1909f56bfc062723c751e8b465ee728b)
Start importing Assets/EmaceArt/Slavic World Free/Resources/LOD4/EA03_Village_step_platform_Stair_R_03a.fbx using Guid(75ae7666976ca6948ac43a95180ef1fe) Importer(815301076,1909f56bfc062723c751e8b465ee728b)  -> (artifact id: 'e87b236890e4c9b13f0e15ebbd3a28eb') in 0.042965 seconds 
  Import took 0.046135 seconds .

========================================================================
Received Import Request.
  Time since last request: 0.000190 seconds.
  path: Assets/AllSkyFree/Space_AnotherPlanet/AllSky_Space_AnotherPlanet Equirect.png
  artifactKey: Guid(393dd4c82e2a04ec08ef9f57528230c6) Importer(815301076,1909f56bfc062723c751e8b465ee728b)
Start importing Assets/AllSkyFree/Space_AnotherPlanet/AllSky_Space_AnotherPlanet Equirect.png using Guid(393dd4c82e2a04ec08ef9f57528230c6) Importer(815301076,1909f56bfc062723c751e8b465ee728b)  -> (artifact id: '716909bd88a5e016b2a25ac291377206') in 0.190812 seconds 
  Import took 0.193814 seconds .

========================================================================
Received Import Request.
  Time since last request: 0.000170 seconds.
  path: Assets/EmaceArt/Slavic World Free/Resources/LOD3/EA03_Fence_Plank_02d.fbx
  artifactKey: Guid(82cb0bafcb85fc3448ad508983ff1194) Importer(815301076,1909f56bfc062723c751e8b465ee728b)
Start importing Assets/EmaceArt/Slavic World Free/Resources/LOD3/EA03_Fence_Plank_02d.fbx using Guid(82cb0bafcb85fc3448ad508983ff1194) Importer(815301076,1909f56bfc062723c751e8b465ee728b)  -> (artifact id: '7ba6506fd5886bbb9b5d8e13f25a255f') in 0.046365 seconds 
  Import took 0.049301 seconds .

========================================================================
Received Import Request.
  Time since last request: 0.000200 seconds.
  path: Assets/EmaceArt/Slavic World Free/Resources/LOD3/EA03_Fence_Plank_02b.fbx
  artifactKey: Guid(9a6b68b124304da48b60c294a6e0376c) Importer(815301076,1909f56bfc062723c751e8b465ee728b)
Start importing Assets/EmaceArt/Slavic World Free/Resources/LOD3/EA03_Fence_Plank_02b.fbx using Guid(9a6b68b124304da48b60c294a6e0376c) Importer(815301076,1909f56bfc062723c751e8b465ee728b)  -> (artifact id: 'c9edf4fe1e985654d9f6b84766e93503') in 0.035441 seconds 
  Import took 0.038718 seconds .

========================================================================
Received Import Request.
  Time since last request: 0.000185 seconds.
  path: Assets/EmaceArt/Slavic World Free/Resources/LOD3/EA03_Fence_Plank_02c.fbx
  artifactKey: Guid(c42a5db3829d76948ad314f7761737f0) Importer(815301076,1909f56bfc062723c751e8b465ee728b)
Start importing Assets/EmaceArt/Slavic World Free/Resources/LOD3/EA03_Fence_Plank_02c.fbx using Guid(c42a5db3829d76948ad314f7761737f0) Importer(815301076,1909f56bfc062723c751e8b465ee728b)  -> (artifact id: 'b9c495765901b023c7f7915ab4d25391') in 0.041298 seconds 
  Import took 0.044405 seconds .

========================================================================
Received Import Request.
  Time since last request: 0.000168 seconds.
  path: Assets/AllSkyFree/Space_AnotherPlanet/AllSky_Space_AnotherPlanet_Cam_4_Up+Y.png
  artifactKey: Guid(a6e9f4ff100a94264a812ad74e17416c) Importer(815301076,1909f56bfc062723c751e8b465ee728b)
Start importing Assets/AllSkyFree/Space_AnotherPlanet/AllSky_Space_AnotherPlanet_Cam_4_Up+Y.png using Guid(a6e9f4ff100a94264a812ad74e17416c) Importer(815301076,1909f56bfc062723c751e8b465ee728b)  -> (artifact id: '8fda6221332439d3516a74612fee9ca3') in 0.010238 seconds 
  Import took 0.013260 seconds .

========================================================================
Received Import Request.
  Time since last request: 0.000170 seconds.
  path: Assets/EmaceArt/Slavic World Free/Prefabs/Fence/Plank2/EA03_Fence_Plank_02c_PRE.prefab
  artifactKey: Guid(5c1dd27df63891340b3e474164c30120) Importer(815301076,1909f56bfc062723c751e8b465ee728b)
Start importing Assets/EmaceArt/Slavic World Free/Prefabs/Fence/Plank2/EA03_Fence_Plank_02c_PRE.prefab using Guid(5c1dd27df63891340b3e474164c30120) Importer(815301076,1909f56bfc062723c751e8b465ee728b)  -> (artifact id: 'f48c3c6d76d23d6ad5304b88f3aacfc0') in 0.010027 seconds 
  Import took 0.012961 seconds .

========================================================================
Received Import Request.
  Time since last request: 0.000207 seconds.
  path: Assets/EmaceArt/Slavic World Free/Prefabs/Compound/Walls/EA03_Plant_Grass_01e.fbx
  artifactKey: Guid(c3f5ebd294edb9e468222b22e0edd694) Importer(815301076,1909f56bfc062723c751e8b465ee728b)
Start importing Assets/EmaceArt/Slavic World Free/Prefabs/Compound/Walls/EA03_Plant_Grass_01e.fbx using Guid(c3f5ebd294edb9e468222b22e0edd694) Importer(815301076,1909f56bfc062723c751e8b465ee728b)  -> (artifact id: '4d0ebd79b3d6959b67297e3dffa7aaee') in 0.048174 seconds 
  Import took 0.051142 seconds .

========================================================================
Received Import Request.
  Time since last request: 0.000199 seconds.
  path: Assets/EmaceArt/Slavic World Free/Resources/LOD3/EA03_Fence_Plank_02a.fbx
  artifactKey: Guid(9acbb48a36abbf644aa940a03eecaab3) Importer(815301076,1909f56bfc062723c751e8b465ee728b)
Start importing Assets/EmaceArt/Slavic World Free/Resources/LOD3/EA03_Fence_Plank_02a.fbx using Guid(9acbb48a36abbf644aa940a03eecaab3) Importer(815301076,1909f56bfc062723c751e8b465ee728b)  -> (artifact id: '5c63909864789e8cde9ba60dd527eb61') in 0.040569 seconds 
  Import took 0.043759 seconds .

========================================================================
Received Import Request.
  Time since last request: 0.000190 seconds.
  path: Assets/AllSkyFree/Space_AnotherPlanet/AllSky_Space_AnotherPlanet Equirect.mat
  artifactKey: Guid(13f6e5eed33d84c76979f1ec06b5e48c) Importer(815301076,1909f56bfc062723c751e8b465ee728b)
Start importing Assets/AllSkyFree/Space_AnotherPlanet/AllSky_Space_AnotherPlanet Equirect.mat using Guid(13f6e5eed33d84c76979f1ec06b5e48c) Importer(815301076,1909f56bfc062723c751e8b465ee728b)  -> (artifact id: 'eb73f58085ff64268158c80d0cacbce1') in 0.018117 seconds 
  Import took 0.021446 seconds .

========================================================================
Received Import Request.
  Time since last request: 0.000201 seconds.
  path: Assets/EmaceArt/Slavic World Free/Prefabs/Nature/EA03_Plant_Grass_01e_PRE.prefab
  artifactKey: Guid(99e86460e9bfcf644956d799c342fee2) Importer(815301076,1909f56bfc062723c751e8b465ee728b)
Start importing Assets/EmaceArt/Slavic World Free/Prefabs/Nature/EA03_Plant_Grass_01e_PRE.prefab using Guid(99e86460e9bfcf644956d799c342fee2) Importer(815301076,1909f56bfc062723c751e8b465ee728b)  -> (artifact id: '85c044eb019fd1e94422e2da6c15b13b') in 0.011321 seconds 
  Import took 0.014473 seconds .

========================================================================
Received Import Request.
  Time since last request: 0.000178 seconds.
  path: Assets/AllSkyFree/Space_AnotherPlanet/AllSky_Space_AnotherPlanet_Cam_0_Front+Z.png
  artifactKey: Guid(0b5345cf23ab840779a8cbf1b89f355a) Importer(815301076,1909f56bfc062723c751e8b465ee728b)
Start importing Assets/AllSkyFree/Space_AnotherPlanet/AllSky_Space_AnotherPlanet_Cam_0_Front+Z.png using Guid(0b5345cf23ab840779a8cbf1b89f355a) Importer(815301076,1909f56bfc062723c751e8b465ee728b)  -> (artifact id: 'd9fe734f76d0d9fa1595d32eff2c0ff9') in 0.011073 seconds 
  Import took 0.014028 seconds .

========================================================================
Received Import Request.
  Time since last request: 0.000239 seconds.
  path: Assets/AllSkyFree/Space_AnotherPlanet/AllSky_Space_AnotherPlanet_Cam_3_Right-X.png
  artifactKey: Guid(ca9af6b5ce9284592aabb781392ff61e) Importer(815301076,1909f56bfc062723c751e8b465ee728b)
Start importing Assets/AllSkyFree/Space_AnotherPlanet/AllSky_Space_AnotherPlanet_Cam_3_Right-X.png using Guid(ca9af6b5ce9284592aabb781392ff61e) Importer(815301076,1909f56bfc062723c751e8b465ee728b)  -> (artifact id: '01d4ed635046ee333aaf7583afc7caa7') in 0.010953 seconds 
  Import took 0.014669 seconds .

========================================================================
Received Import Request.
  Time since last request: 0.000181 seconds.
  path: Assets/EmaceArt/Slavic World Free/Prefabs/Fence/Plank2/EA03_Fence_Plank_02a_PRE.prefab
  artifactKey: Guid(eb736a11e2ad7564eb316234731e2539) Importer(815301076,1909f56bfc062723c751e8b465ee728b)
Start importing Assets/EmaceArt/Slavic World Free/Prefabs/Fence/Plank2/EA03_Fence_Plank_02a_PRE.prefab using Guid(eb736a11e2ad7564eb316234731e2539) Importer(815301076,1909f56bfc062723c751e8b465ee728b)  -> (artifact id: '6b0ff243380391ffb4702a9433fc0951') in 0.010582 seconds 
  Import took 0.013543 seconds .

========================================================================
Received Import Request.
  Time since last request: 0.000190 seconds.
  path: Assets/EmaceArt/Slavic World Free/Prefabs/Fence/Plank2/EA03_Fence_Plank_02d_PRE.prefab
  artifactKey: Guid(9a34b8623fe7e914c806ae497124e232) Importer(815301076,1909f56bfc062723c751e8b465ee728b)
Start importing Assets/EmaceArt/Slavic World Free/Prefabs/Fence/Plank2/EA03_Fence_Plank_02d_PRE.prefab using Guid(9a34b8623fe7e914c806ae497124e232) Importer(815301076,1909f56bfc062723c751e8b465ee728b)  -> (artifact id: 'c9db7585c44866f7947ea55dd1f1633a') in 0.010692 seconds 
  Import took 0.013729 seconds .

========================================================================
Received Import Request.
  Time since last request: 0.000207 seconds.
  path: Assets/AllSkyFree/Space_AnotherPlanet/AllSky_Space_AnotherPlanet_Cam_2_Left+X.png
  artifactKey: Guid(40cd83628508d406497f3b21ff220644) Importer(815301076,1909f56bfc062723c751e8b465ee728b)
Start importing Assets/AllSkyFree/Space_AnotherPlanet/AllSky_Space_AnotherPlanet_Cam_2_Left+X.png using Guid(40cd83628508d406497f3b21ff220644) Importer(815301076,1909f56bfc062723c751e8b465ee728b)  -> (artifact id: '0267ff7b1d1ca62168fe8e1172d132b5') in 0.011935 seconds 
  Import took 0.015221 seconds .

========================================================================
Received Import Request.
  Time since last request: 9.993608 seconds.
  path: Assets/EmaceArt/Slavic World Free/Resources/LOD3/EA03_Items_House_Apple_01a.fbx
  artifactKey: Guid(ac60a1e5147f37f4ea437303b92a771f) Importer(815301076,1909f56bfc062723c751e8b465ee728b)
Start importing Assets/EmaceArt/Slavic World Free/Resources/LOD3/EA03_Items_House_Apple_01a.fbx using Guid(ac60a1e5147f37f4ea437303b92a771f) Importer(815301076,1909f56bfc062723c751e8b465ee728b)  -> (artifact id: 'dc36cef7416a6b6ae10f5bdc7034f048') in 0.044097 seconds 
  Import took 0.047470 seconds .

========================================================================
Received Import Request.
  Time since last request: 0.000202 seconds.
  path: Assets/EmaceArt/Slavic World Free/Resources/LOD3/EA03_Items_House_Apple_01b.fbx
  artifactKey: Guid(683aa6683b22b244287d19b08050959c) Importer(815301076,1909f56bfc062723c751e8b465ee728b)
Start importing Assets/EmaceArt/Slavic World Free/Resources/LOD3/EA03_Items_House_Apple_01b.fbx using Guid(683aa6683b22b244287d19b08050959c) Importer(815301076,1909f56bfc062723c751e8b465ee728b)  -> (artifact id: '8275b3778f181e0326698d2859e4f497') in 0.056680 seconds 
  Import took 0.059648 seconds .

========================================================================
Received Prepare
Registering precompiled user dll's ...
Registered in 0.001753 seconds.
Begin MonoManager ReloadAssembly
Native extension for WindowsStandalone target not found
Native extension for OSXStandalone target not found
Native extension for WebGL target not found
Refreshing native plugins compatible for Editor in 0.68 ms, found 2 plugins.
Preloading 0 native plugins for Editor in 0.00 ms.
Mono: successfully reloaded assembly
- Completed reload, in  0.808 seconds
Domain Reload Profiling:
	ReloadAssembly (808ms)
		BeginReloadAssembly (94ms)
			ExecutionOrderSort (0ms)
			DisableScriptedObjects (3ms)
			BackupInstance (0ms)
			ReleaseScriptingObjects (0ms)
			CreateAndSetChildDomain (29ms)
		EndReloadAssembly (661ms)
			LoadAssemblies (68ms)
			RebuildTransferFunctionScriptingTraits (0ms)
			SetupTypeCache (225ms)
			ReleaseScriptCaches (1ms)
			RebuildScriptCaches (39ms)
			SetupLoadedEditorAssemblies (252ms)
				LogAssemblyErrors (0ms)
				InitializePlatformSupportModulesInManaged (6ms)
				SetLoadedEditorAssemblies (0ms)
				RefreshPlugins (1ms)
				BeforeProcessingInitializeOnLoad (70ms)
				ProcessInitializeOnLoadAttributes (166ms)
				ProcessInitializeOnLoadMethodAttributes (3ms)
				AfterProcessingInitializeOnLoad (6ms)
				EditorAssembliesLoaded (0ms)
			ExecutionOrderSort2 (0ms)
			AwakeInstancesAfterBackupRestoration (5ms)
Platform modules already initialized, skipping
Refreshing native plugins compatible for Editor in 0.65 ms, found 2 plugins.
Preloading 0 native plugins for Editor in 0.00 ms.
Unloading 1854 Unused Serialized files (Serialized files now loaded: 0)
System memory in use before: 98.6 MB.
System memory in use after: 98.7 MB.

Unloading 19 unused Assets to reduce memory usage. Loaded Objects now: 2406.
Total: 3.080000 ms (FindLiveObjects: 0.222600 ms CreateObjectMapping: 0.041300 ms MarkObjects: 2.745700 ms  DeleteObjects: 0.069200 ms)

AssetImportParameters requested are different than current active one (requested -> active):
  custom:framework-win-MediaFoundation: 216162199b28c13a410421893ffa2e32 -> 
  custom:video-decoder-ogg-theora: a1e56fd34408186e4bbccfd4996cb3dc -> 
  custom:container-muxer-webm: aa71ff27fc2769a1b78a27578f13a17b -> 
  custom:container-demuxer-webm: 4f35f7cbe854078d1ac9338744f61a02 -> 
  custom:container-demuxer-ogg: 62fdf1f143b41e24485cea50d1cbac27 -> 
  custom:video-encoder-webm-vp8: eb34c28f22e8b96e1ab97ce403110664 -> 
  custom:video-decoder-webm-vp8: 9c59270c3fd7afecdb556c50c9e8de78 -> 
  custom:audio-decoder-ogg-vorbis: bf7c407c2cedff20999df2af8eb42d56 -> 
  custom:audio-encoder-webm-vorbis: bf7c407c2cedff20999df2af8eb42d56 -> 
